#-----------------------------------------------------------
# Vivado v2018.1 (64-bit)
# SW Build 2188600 on Wed Apr  4 18:39:19 MDT 2018
# IP Build 2185939 on Wed Apr  4 20:55:05 MDT 2018
# Start of session at: Tue Jun 21 11:02:38 2022
# Process ID: 8469
# Current directory: /data5/workspace/quangnd1/sip_training/quangnd1/Embedded_Project/fpga2
# Command line: vivado
# Log file: /data5/workspace/quangnd1/sip_training/quangnd1/Embedded_Project/fpga2/vivado.log
# Journal file: /data5/workspace/quangnd1/sip_training/quangnd1/Embedded_Project/fpga2/vivado.jou
#-----------------------------------------------------------
start_gui
open_project /data5/workspace/quangnd1/sip_training/quangnd1/Embedded_Project/fpga/non_stop_ETC/non_stop_ETC.xpr
Scanning sources...
Finished scanning sources
INFO: [IP_Flow 19-234] Refreshing IP repositories
INFO: [IP_Flow 19-1704] No user IP repositories specified
INFO: [IP_Flow 19-2313] Loaded Vivado IP repository '/tools/Xilinx/Vivado/2018.1/data/ip'.
open_project: Time (s): cpu = 00:00:20 ; elapsed = 00:00:10 . Memory (MB): peak = 6412.418 ; gain = 141.742 ; free physical = 16827 ; free virtual = 76322
update_compile_order -fileset sources_1
exit
INFO: [Common 17-206] Exiting Vivado at Tue Jun 21 11:03:25 2022...
