
*** Running vivado
    with args -log design_1_top_0_0.vds -m64 -product Vivado -mode batch -messageDb vivado.pb -notrace -source design_1_top_0_0.tcl


****** Vivado v2018.1 (64-bit)
  **** SW Build 2188600 on Wed Apr  4 18:39:19 MDT 2018
  **** IP Build 2185939 on Wed Apr  4 20:55:05 MDT 2018
    ** Copyright 1986-2018 Xilinx, Inc. All Rights Reserved.

source design_1_top_0_0.tcl -notrace
Command: synth_design -top design_1_top_0_0 -part xc7z020clg484-1 -mode out_of_context
Starting synth_design
Attempting to get a license for feature 'Synthesis' and/or device 'xc7z020'
INFO: [Common 17-349] Got license for feature 'Synthesis' and/or device 'xc7z020'
INFO: Launching helper process for spawning children vivado processes
INFO: Helper process launched with PID 9693 
WARNING: [Synth 8-2507] parameter declaration becomes local in div with formal parameter declaration list [/data5/workspace/quangnd1/sip_training/quangnd1/Embedded_Project/hdl/div.v:16]
---------------------------------------------------------------------------------
Starting Synthesize : Time (s): cpu = 00:00:08 ; elapsed = 00:00:10 . Memory (MB): peak = 1455.605 ; gain = 97.270 ; free physical = 47074 ; free virtual = 113008
---------------------------------------------------------------------------------
INFO: [Synth 8-6157] synthesizing module 'design_1_top_0_0' [/data5/workspace/quangnd1/sip_training/quangnd1/Embedded_Project/fpga/non_stop_ETC/non_stop_ETC.srcs/sources_1/bd/design_1/ip/design_1_top_0_0/synth/design_1_top_0_0.v:57]
INFO: [Synth 8-6157] synthesizing module 'top' [/data5/workspace/quangnd1/sip_training/quangnd1/Embedded_Project/hdl/top.v:1]
	Parameter WIDTH_TIK bound to: 16 - type: integer 
	Parameter WIDTH_MS bound to: 9 - type: integer 
	Parameter WIDTH_SPEED bound to: 14 - type: integer 
	Parameter DATA_SIZE bound to: 8 - type: integer 
	Parameter SIZE_FIFO bound to: 8 - type: integer 
	Parameter SYS_FREQ bound to: 50000000 - type: integer 
	Parameter BAUD_RATE bound to: 11500 - type: integer 
	Parameter CLOCK bound to: 4347 - type: integer 
	Parameter SAMPLE bound to: 16 - type: integer 
	Parameter BAUD_DVSR bound to: 271 - type: integer 
INFO: [Synth 8-6157] synthesizing module 'non_stop_ETC' [/data5/workspace/quangnd1/sip_training/quangnd1/Embedded_Project/hdl/non_stop_ETC.v:1]
	Parameter WIDTH_TIK bound to: 16 - type: integer 
	Parameter WIDTH_MS bound to: 9 - type: integer 
	Parameter WIDTH_SPEED bound to: 14 - type: integer 
	Parameter SYS_FREQ bound to: 50000000 - type: integer 
INFO: [Synth 8-6157] synthesizing module 'cotroller' [/data5/workspace/quangnd1/sip_training/quangnd1/Embedded_Project/hdl/controller.v:1]
	Parameter START bound to: 2'b00 
	Parameter COUNT_TIME bound to: 2'b01 
	Parameter CALC bound to: 2'b10 
INFO: [Synth 8-6155] done synthesizing module 'cotroller' (1#1) [/data5/workspace/quangnd1/sip_training/quangnd1/Embedded_Project/hdl/controller.v:1]
INFO: [Synth 8-6157] synthesizing module 'datapath' [/data5/workspace/quangnd1/sip_training/quangnd1/Embedded_Project/hdl/datapath.v:1]
	Parameter WIDTH_TIK bound to: 16 - type: integer 
	Parameter WIDTH_MS bound to: 9 - type: integer 
	Parameter WIDTH_SPEED bound to: 14 - type: integer 
	Parameter SYS_FREQ bound to: 50000000 - type: integer 
INFO: [Synth 8-6157] synthesizing module 'div' [/data5/workspace/quangnd1/sip_training/quangnd1/Embedded_Project/hdl/div.v:1]
	Parameter N bound to: 14 - type: integer 
	Parameter DEC bound to: 4 - type: integer 
	Parameter COUNT_WIDTH bound to: 4 - type: integer 
	Parameter IDLE bound to: 3'b000 
	Parameter ENA bound to: 3'b001 
	Parameter SHIFT bound to: 3'b010 
	Parameter CALC bound to: 3'b011 
INFO: [Synth 8-155] case statement is not full and has no default [/data5/workspace/quangnd1/sip_training/quangnd1/Embedded_Project/hdl/div.v:83]
INFO: [Synth 8-6155] done synthesizing module 'div' (2#1) [/data5/workspace/quangnd1/sip_training/quangnd1/Embedded_Project/hdl/div.v:1]
INFO: [Synth 8-6155] done synthesizing module 'datapath' (3#1) [/data5/workspace/quangnd1/sip_training/quangnd1/Embedded_Project/hdl/datapath.v:1]
INFO: [Synth 8-6155] done synthesizing module 'non_stop_ETC' (4#1) [/data5/workspace/quangnd1/sip_training/quangnd1/Embedded_Project/hdl/non_stop_ETC.v:1]
INFO: [Synth 8-6157] synthesizing module 'push_data' [/data5/workspace/quangnd1/sip_training/quangnd1/Embedded_Project/hdl/push_data.v:1]
	Parameter WIDTH_SPEED bound to: 14 - type: integer 
	Parameter DATA_SIZE bound to: 8 - type: integer 
	Parameter STATE0 bound to: 2'b00 
	Parameter STATE1 bound to: 2'b01 
	Parameter STATE2 bound to: 2'b10 
	Parameter STATE3 bound to: 2'b11 
INFO: [Synth 8-6155] done synthesizing module 'push_data' (5#1) [/data5/workspace/quangnd1/sip_training/quangnd1/Embedded_Project/hdl/push_data.v:1]
INFO: [Synth 8-6157] synthesizing module 'uart_generator_clock' [/data5/workspace/quangnd1/sip_training/quangnd1/Embedded_Project/hdl/uart_generator_clock.sv:1]
	Parameter SYS_FREQ bound to: 50000000 - type: integer 
	Parameter BAUD_RATE bound to: 11500 - type: integer 
	Parameter CLOCK bound to: 4347 - type: integer 
	Parameter SAMPLE bound to: 16 - type: integer 
	Parameter BAUD_DVSR bound to: 271 - type: integer 
INFO: [Synth 8-6155] done synthesizing module 'uart_generator_clock' (6#1) [/data5/workspace/quangnd1/sip_training/quangnd1/Embedded_Project/hdl/uart_generator_clock.sv:1]
INFO: [Synth 8-6157] synthesizing module 'uart_fifo' [/data5/workspace/quangnd1/sip_training/quangnd1/Embedded_Project/hdl/uart_fifo.sv:1]
	Parameter DATA_SIZE bound to: 8 - type: integer 
	Parameter SIZE_FIFO bound to: 8 - type: integer 
	Parameter ADDR_WIDTH bound to: 3 - type: integer 
INFO: [Synth 8-155] case statement is not full and has no default [/data5/workspace/quangnd1/sip_training/quangnd1/Embedded_Project/hdl/uart_fifo.sv:66]
INFO: [Synth 8-155] case statement is not full and has no default [/data5/workspace/quangnd1/sip_training/quangnd1/Embedded_Project/hdl/uart_fifo.sv:95]
INFO: [Synth 8-155] case statement is not full and has no default [/data5/workspace/quangnd1/sip_training/quangnd1/Embedded_Project/hdl/uart_fifo.sv:141]
WARNING: [Synth 8-87] always_comb on 'write_fifo_receiver_reg' did not result in combinational logic [/data5/workspace/quangnd1/sip_training/quangnd1/Embedded_Project/hdl/uart_fifo.sv:37]
WARNING: [Synth 8-87] always_comb on 'rx_next_state_reg' did not result in combinational logic [/data5/workspace/quangnd1/sip_training/quangnd1/Embedded_Project/hdl/uart_fifo.sv:70]
WARNING: [Synth 8-87] always_comb on 'read_fifo_transmitter_reg' did not result in combinational logic [/data5/workspace/quangnd1/sip_training/quangnd1/Embedded_Project/hdl/uart_fifo.sv:38]
WARNING: [Synth 8-87] always_comb on 'tx_next_state_reg' did not result in combinational logic [/data5/workspace/quangnd1/sip_training/quangnd1/Embedded_Project/hdl/uart_fifo.sv:99]
INFO: [Synth 8-6155] done synthesizing module 'uart_fifo' (7#1) [/data5/workspace/quangnd1/sip_training/quangnd1/Embedded_Project/hdl/uart_fifo.sv:1]
INFO: [Synth 8-6157] synthesizing module 'uart_transmitter' [/data5/workspace/quangnd1/sip_training/quangnd1/Embedded_Project/hdl/uart_transmitter.sv:1]
	Parameter DATA_SIZE bound to: 8 - type: integer 
	Parameter BIT_COUNT_SIZE bound to: 4 - type: integer 
INFO: [Synth 8-6155] done synthesizing module 'uart_transmitter' (8#1) [/data5/workspace/quangnd1/sip_training/quangnd1/Embedded_Project/hdl/uart_transmitter.sv:1]
INFO: [Synth 8-6155] done synthesizing module 'top' (9#1) [/data5/workspace/quangnd1/sip_training/quangnd1/Embedded_Project/hdl/top.v:1]
INFO: [Synth 8-6155] done synthesizing module 'design_1_top_0_0' (10#1) [/data5/workspace/quangnd1/sip_training/quangnd1/Embedded_Project/fpga/non_stop_ETC/non_stop_ETC.srcs/sources_1/bd/design_1/ip/design_1_top_0_0/synth/design_1_top_0_0.v:57]
WARNING: [Synth 8-3331] design cotroller has unconnected port enable
WARNING: [Synth 8-3331] design cotroller has unconnected port done
---------------------------------------------------------------------------------
Finished Synthesize : Time (s): cpu = 00:00:09 ; elapsed = 00:00:11 . Memory (MB): peak = 1485.746 ; gain = 127.410 ; free physical = 47093 ; free virtual = 113027
---------------------------------------------------------------------------------
---------------------------------------------------------------------------------
Finished Constraint Validation : Time (s): cpu = 00:00:09 ; elapsed = 00:00:11 . Memory (MB): peak = 1485.746 ; gain = 127.410 ; free physical = 47088 ; free virtual = 113022
---------------------------------------------------------------------------------
---------------------------------------------------------------------------------
Start Loading Part and Timing Information
---------------------------------------------------------------------------------
Loading part: xc7z020clg484-1
---------------------------------------------------------------------------------
Finished Loading Part and Timing Information : Time (s): cpu = 00:00:09 ; elapsed = 00:00:11 . Memory (MB): peak = 1485.746 ; gain = 127.410 ; free physical = 47088 ; free virtual = 113022
---------------------------------------------------------------------------------
INFO: [Device 21-403] Loading part xc7z020clg484-1
INFO: [Synth 8-802] inferred FSM for state register 'current_state_reg' in module 'cotroller'
INFO: [Synth 8-5544] ROM "en" won't be mapped to Block RAM because address size (2) smaller than threshold (5)
INFO: [Synth 8-5544] ROM "dis" won't be mapped to Block RAM because address size (2) smaller than threshold (5)
INFO: [Synth 8-5544] ROM "next_state" won't be mapped to Block RAM because address size (2) smaller than threshold (5)
INFO: [Synth 8-5544] ROM "cal" won't be mapped to Block RAM because address size (2) smaller than threshold (5)
INFO: [Synth 8-5544] ROM "count" won't be mapped to Block RAM because address size (2) smaller than threshold (5)
INFO: [Synth 8-5544] ROM "init" won't be mapped to Block RAM because address size (2) smaller than threshold (5)
INFO: [Synth 8-5544] ROM "next_state" won't be mapped to Block RAM because address size (1) smaller than threshold (5)
INFO: [Synth 8-802] inferred FSM for state register 'current_state_reg' in module 'div'
INFO: [Synth 8-5546] ROM "done" won't be mapped to RAM because it is too sparse
INFO: [Synth 8-5544] ROM "next_state" won't be mapped to Block RAM because address size (3) smaller than threshold (5)
INFO: [Synth 8-5544] ROM "Q" won't be mapped to Block RAM because address size (3) smaller than threshold (5)
INFO: [Synth 8-5544] ROM "X" won't be mapped to Block RAM because address size (3) smaller than threshold (5)
INFO: [Synth 8-5544] ROM "Y" won't be mapped to Block RAM because address size (3) smaller than threshold (5)
INFO: [Synth 8-5544] ROM "next_state" won't be mapped to Block RAM because address size (1) smaller than threshold (5)
INFO: [Synth 8-5546] ROM "next_state" won't be mapped to RAM because it is too sparse
INFO: [Synth 8-5546] ROM "time_ms" won't be mapped to RAM because it is too sparse
INFO: [Synth 8-802] inferred FSM for state register 'current_state_reg' in module 'push_data'
INFO: [Synth 8-5544] ROM "data" won't be mapped to Block RAM because address size (2) smaller than threshold (5)
INFO: [Synth 8-5544] ROM "write" won't be mapped to Block RAM because address size (2) smaller than threshold (5)
INFO: [Synth 8-5546] ROM "clock" won't be mapped to RAM because it is too sparse
INFO: [Synth 8-5546] ROM "sample_clk" won't be mapped to RAM because it is too sparse
INFO: [Synth 8-802] inferred FSM for state register 'rx_state_reg' in module 'uart_fifo'
INFO: [Synth 8-802] inferred FSM for state register 'tx_state_reg' in module 'uart_fifo'
INFO: [Synth 8-5544] ROM "fifo_reg[7]" won't be mapped to Block RAM because address size (3) smaller than threshold (5)
INFO: [Synth 8-5544] ROM "fifo_reg[6]" won't be mapped to Block RAM because address size (3) smaller than threshold (5)
INFO: [Synth 8-5544] ROM "fifo_reg[5]" won't be mapped to Block RAM because address size (3) smaller than threshold (5)
INFO: [Synth 8-5544] ROM "fifo_reg[4]" won't be mapped to Block RAM because address size (3) smaller than threshold (5)
INFO: [Synth 8-5544] ROM "fifo_reg[3]" won't be mapped to Block RAM because address size (3) smaller than threshold (5)
INFO: [Synth 8-5544] ROM "fifo_reg[2]" won't be mapped to Block RAM because address size (3) smaller than threshold (5)
INFO: [Synth 8-5544] ROM "fifo_reg[1]" won't be mapped to Block RAM because address size (3) smaller than threshold (5)
INFO: [Synth 8-5544] ROM "fifo_reg[0]" won't be mapped to Block RAM because address size (3) smaller than threshold (5)
INFO: [Synth 8-5544] ROM "write_fifo_receiver" won't be mapped to Block RAM because address size (2) smaller than threshold (5)
INFO: [Synth 8-5544] ROM "write_fifo_receiver" won't be mapped to Block RAM because address size (2) smaller than threshold (5)
INFO: [Synth 8-5544] ROM "rx_next_state" won't be mapped to Block RAM because address size (1) smaller than threshold (5)
INFO: [Synth 8-5544] ROM "rx_next_state" won't be mapped to Block RAM because address size (1) smaller than threshold (5)
INFO: [Synth 8-5544] ROM "read_fifo_transmitter" won't be mapped to Block RAM because address size (2) smaller than threshold (5)
INFO: [Synth 8-5544] ROM "read_fifo_transmitter" won't be mapped to Block RAM because address size (2) smaller than threshold (5)
INFO: [Synth 8-5544] ROM "tx_next_state" won't be mapped to Block RAM because address size (1) smaller than threshold (5)
INFO: [Synth 8-5544] ROM "tx_next_state" won't be mapped to Block RAM because address size (1) smaller than threshold (5)
INFO: [Synth 8-802] inferred FSM for state register 'state_reg' in module 'uart_transmitter'
INFO: [Synth 8-5544] ROM "next_state" won't be mapped to Block RAM because address size (1) smaller than threshold (5)
INFO: [Synth 8-5544] ROM "next_state" won't be mapped to Block RAM because address size (1) smaller than threshold (5)
---------------------------------------------------------------------------------------------------
                   State |                     New Encoding |                Previous Encoding 
---------------------------------------------------------------------------------------------------
                   START |                              001 |                               00
              COUNT_TIME |                              010 |                               01
                    CALC |                              100 |                               10
---------------------------------------------------------------------------------------------------
INFO: [Synth 8-3354] encoded FSM with state register 'current_state_reg' using encoding 'one-hot' in module 'cotroller'
---------------------------------------------------------------------------------------------------
                   State |                     New Encoding |                Previous Encoding 
---------------------------------------------------------------------------------------------------
                    IDLE |                               00 |                              000
                     ENA |                               01 |                              001
                    CALC |                               10 |                              011
---------------------------------------------------------------------------------------------------
INFO: [Synth 8-3354] encoded FSM with state register 'current_state_reg' using encoding 'sequential' in module 'div'
---------------------------------------------------------------------------------------------------
                   State |                     New Encoding |                Previous Encoding 
---------------------------------------------------------------------------------------------------
                  STATE0 |                               00 |                               00
                  STATE1 |                               01 |                               01
                  STATE2 |                               10 |                               10
                  STATE3 |                               11 |                               11
---------------------------------------------------------------------------------------------------
INFO: [Synth 8-3354] encoded FSM with state register 'current_state_reg' using encoding 'sequential' in module 'push_data'
WARNING: [Synth 8-327] inferring latch for variable 'data_reg' [/data5/workspace/quangnd1/sip_training/quangnd1/Embedded_Project/hdl/push_data.v:44]
WARNING: [Synth 8-327] inferring latch for variable 'read_fifo_transmitter_reg' [/data5/workspace/quangnd1/sip_training/quangnd1/Embedded_Project/hdl/uart_fifo.sv:38]
INFO: [Synth 8-3898] No Re-encoding of one hot register 'tx_state_reg' in module 'fsm175170801'
WARNING: [Synth 8-327] inferring latch for variable 'tx_next_state_reg' [/data5/workspace/quangnd1/sip_training/quangnd1/Embedded_Project/hdl/uart_fifo.sv:99]
WARNING: [Synth 8-327] inferring latch for variable 'write_fifo_receiver_reg' [/data5/workspace/quangnd1/sip_training/quangnd1/Embedded_Project/hdl/uart_fifo.sv:37]
INFO: [Synth 8-3898] No Re-encoding of one hot register 'rx_state_reg' in module 'fsm175170800'
WARNING: [Synth 8-327] inferring latch for variable 'rx_next_state_reg' [/data5/workspace/quangnd1/sip_training/quangnd1/Embedded_Project/hdl/uart_fifo.sv:70]
INFO: [Synth 8-3898] No Re-encoding of one hot register 'state_reg' in module 'fsm15AC83700'
---------------------------------------------------------------------------------
Finished RTL Optimization Phase 2 : Time (s): cpu = 00:00:09 ; elapsed = 00:00:11 . Memory (MB): peak = 1501.750 ; gain = 143.414 ; free physical = 47083 ; free virtual = 113018
---------------------------------------------------------------------------------

Report RTL Partitions: 
+-+--------------+------------+----------+
| |RTL Partition |Replication |Instances |
+-+--------------+------------+----------+
+-+--------------+------------+----------+
No constraint files found.
---------------------------------------------------------------------------------
Start RTL Component Statistics 
---------------------------------------------------------------------------------
Detailed RTL Component Info : 
+---Adders : 
	   2 Input     16 Bit       Adders := 1     
	   3 Input     13 Bit       Adders := 1     
	   2 Input     13 Bit       Adders := 1     
	   2 Input      9 Bit       Adders := 2     
	   2 Input      5 Bit       Adders := 1     
	   2 Input      4 Bit       Adders := 1     
	   2 Input      3 Bit       Adders := 2     
	   2 Input      2 Bit       Adders := 2     
+---XORs : 
	                8 Bit    Wide XORs := 1     
+---Registers : 
	               16 Bit    Registers := 1     
	               14 Bit    Registers := 5     
	               13 Bit    Registers := 1     
	               10 Bit    Registers := 1     
	                9 Bit    Registers := 2     
	                8 Bit    Registers := 8     
	                5 Bit    Registers := 1     
	                4 Bit    Registers := 1     
	                3 Bit    Registers := 2     
	                2 Bit    Registers := 1     
	                1 Bit    Registers := 7     
+---Muxes : 
	   2 Input     16 Bit        Muxes := 2     
	   2 Input     14 Bit        Muxes := 1     
	   3 Input     14 Bit        Muxes := 2     
	   2 Input     13 Bit        Muxes := 1     
	   2 Input     10 Bit        Muxes := 1     
	   2 Input      9 Bit        Muxes := 2     
	   4 Input      8 Bit        Muxes := 1     
	   2 Input      5 Bit        Muxes := 1     
	   3 Input      5 Bit        Muxes := 1     
	   2 Input      4 Bit        Muxes := 1     
	   3 Input      3 Bit        Muxes := 1     
	   2 Input      3 Bit        Muxes := 2     
	   3 Input      2 Bit        Muxes := 5     
	   2 Input      2 Bit        Muxes := 10    
	   4 Input      2 Bit        Muxes := 1     
	   2 Input      1 Bit        Muxes := 28    
	   3 Input      1 Bit        Muxes := 22    
	   4 Input      1 Bit        Muxes := 7     
---------------------------------------------------------------------------------
Finished RTL Component Statistics 
---------------------------------------------------------------------------------
---------------------------------------------------------------------------------
Start RTL Hierarchical Component Statistics 
---------------------------------------------------------------------------------
Hierarchical RTL Component report 
Module cotroller 
Detailed RTL Component Info : 
+---Registers : 
	                1 Bit    Registers := 1     
+---Muxes : 
	   3 Input      3 Bit        Muxes := 1     
	   2 Input      3 Bit        Muxes := 2     
	   2 Input      1 Bit        Muxes := 3     
	   3 Input      1 Bit        Muxes := 3     
Module div 
Detailed RTL Component Info : 
+---Adders : 
	   3 Input     13 Bit       Adders := 1     
	   2 Input      5 Bit       Adders := 1     
+---Registers : 
	               14 Bit    Registers := 4     
	                5 Bit    Registers := 1     
	                1 Bit    Registers := 1     
+---Muxes : 
	   2 Input     14 Bit        Muxes := 1     
	   3 Input     14 Bit        Muxes := 2     
	   2 Input      5 Bit        Muxes := 1     
	   3 Input      5 Bit        Muxes := 1     
	   3 Input      2 Bit        Muxes := 1     
	   2 Input      2 Bit        Muxes := 3     
	   2 Input      1 Bit        Muxes := 1     
	   3 Input      1 Bit        Muxes := 6     
Module datapath 
Detailed RTL Component Info : 
+---Adders : 
	   2 Input     16 Bit       Adders := 1     
	   2 Input      9 Bit       Adders := 1     
	   2 Input      2 Bit       Adders := 2     
+---Registers : 
	               16 Bit    Registers := 1     
	                9 Bit    Registers := 1     
	                2 Bit    Registers := 1     
	                1 Bit    Registers := 1     
+---Muxes : 
	   2 Input     16 Bit        Muxes := 2     
	   2 Input      9 Bit        Muxes := 1     
	   3 Input      2 Bit        Muxes := 1     
	   3 Input      1 Bit        Muxes := 2     
	   2 Input      1 Bit        Muxes := 3     
Module non_stop_ETC 
Detailed RTL Component Info : 
+---Muxes : 
	   2 Input      1 Bit        Muxes := 1     
Module push_data 
Detailed RTL Component Info : 
+---Registers : 
	               14 Bit    Registers := 1     
+---Muxes : 
	   4 Input      8 Bit        Muxes := 1     
	   4 Input      2 Bit        Muxes := 1     
	   2 Input      2 Bit        Muxes := 1     
	   4 Input      1 Bit        Muxes := 1     
Module uart_generator_clock 
Detailed RTL Component Info : 
+---Adders : 
	   2 Input     13 Bit       Adders := 1     
	   2 Input      9 Bit       Adders := 1     
+---Registers : 
	               13 Bit    Registers := 1     
	                9 Bit    Registers := 1     
	                1 Bit    Registers := 2     
+---Muxes : 
	   2 Input     13 Bit        Muxes := 1     
	   2 Input      9 Bit        Muxes := 1     
	   2 Input      1 Bit        Muxes := 2     
Module uart_fifo 
Detailed RTL Component Info : 
+---Adders : 
	   2 Input      3 Bit       Adders := 2     
+---Registers : 
	                8 Bit    Registers := 8     
	                3 Bit    Registers := 2     
	                1 Bit    Registers := 2     
+---Muxes : 
	   3 Input      2 Bit        Muxes := 2     
	   2 Input      2 Bit        Muxes := 4     
	   4 Input      1 Bit        Muxes := 6     
	   2 Input      1 Bit        Muxes := 16    
	   3 Input      1 Bit        Muxes := 8     
Module uart_transmitter 
Detailed RTL Component Info : 
+---Adders : 
	   2 Input      4 Bit       Adders := 1     
+---XORs : 
	                8 Bit    Wide XORs := 1     
+---Registers : 
	               10 Bit    Registers := 1     
	                4 Bit    Registers := 1     
+---Muxes : 
	   2 Input     10 Bit        Muxes := 1     
	   2 Input      4 Bit        Muxes := 1     
	   3 Input      2 Bit        Muxes := 1     
	   2 Input      2 Bit        Muxes := 2     
	   2 Input      1 Bit        Muxes := 2     
	   3 Input      1 Bit        Muxes := 3     
---------------------------------------------------------------------------------
Finished RTL Hierarchical Component Statistics
---------------------------------------------------------------------------------
---------------------------------------------------------------------------------
Start Part Resource Summary
---------------------------------------------------------------------------------
Part Resources:
DSPs: 220 (col length:60)
BRAMs: 280 (col length: RAMB18 60 RAMB36 30)
---------------------------------------------------------------------------------
Finished Part Resource Summary
---------------------------------------------------------------------------------
No constraint files found.
---------------------------------------------------------------------------------
Start Cross Boundary and Area Optimization
---------------------------------------------------------------------------------
Warning: Parallel synthesis criteria is not met 
WARNING: [Synth 8-6014] Unused sequential element inst/uart_generator_clock/count_sample_clk_reg was removed.  [/data5/workspace/quangnd1/sip_training/quangnd1/Embedded_Project/hdl/uart_generator_clock.sv:28]
WARNING: [Synth 8-6014] Unused sequential element inst/uart_generator_clock/sample_clk_reg was removed.  [/data5/workspace/quangnd1/sip_training/quangnd1/Embedded_Project/hdl/uart_generator_clock.sv:48]
INFO: [Synth 8-5546] ROM "inst/uart_generator_clock/clock" won't be mapped to RAM because it is too sparse
INFO: [Synth 8-3333] propagating constant 0 across sequential element (\inst/non_stop_ETC/datapath_DUT/div_DUT/X_reg[0] )
INFO: [Synth 8-3886] merging instance 'inst/non_stop_ETC/datapath_DUT/div_DUT/Y_reg[9]' (FDCE) to 'inst/non_stop_ETC/datapath_DUT/div_DUT/Y_reg[10]'
INFO: [Synth 8-3886] merging instance 'inst/non_stop_ETC/datapath_DUT/div_DUT/Y_reg[10]' (FDCE) to 'inst/non_stop_ETC/datapath_DUT/div_DUT/Y_reg[11]'
INFO: [Synth 8-3886] merging instance 'inst/non_stop_ETC/datapath_DUT/div_DUT/Y_reg[11]' (FDCE) to 'inst/non_stop_ETC/datapath_DUT/div_DUT/Y_reg[12]'
INFO: [Synth 8-3886] merging instance 'inst/non_stop_ETC/datapath_DUT/div_DUT/Y_reg[12]' (FDCE) to 'inst/non_stop_ETC/datapath_DUT/div_DUT/Y_reg[13]'
INFO: [Synth 8-3333] propagating constant 0 across sequential element (\inst/non_stop_ETC/datapath_DUT/div_DUT/Y_reg[13] )
INFO: [Synth 8-3332] Sequential element (inst/non_stop_ETC/datapath_DUT/div_DUT/Y_reg[13]) is unused and will be removed from module design_1_top_0_0.
INFO: [Synth 8-3332] Sequential element (inst/non_stop_ETC/datapath_DUT/div_DUT/X_reg[5]) is unused and will be removed from module design_1_top_0_0.
INFO: [Synth 8-3332] Sequential element (inst/non_stop_ETC/datapath_DUT/div_DUT/X_reg[4]) is unused and will be removed from module design_1_top_0_0.
INFO: [Synth 8-3332] Sequential element (inst/non_stop_ETC/datapath_DUT/div_DUT/X_reg[3]) is unused and will be removed from module design_1_top_0_0.
INFO: [Synth 8-3332] Sequential element (inst/non_stop_ETC/datapath_DUT/div_DUT/X_reg[2]) is unused and will be removed from module design_1_top_0_0.
INFO: [Synth 8-3332] Sequential element (inst/non_stop_ETC/datapath_DUT/div_DUT/X_reg[1]) is unused and will be removed from module design_1_top_0_0.
INFO: [Synth 8-3332] Sequential element (inst/non_stop_ETC/datapath_DUT/div_DUT/X_reg[0]) is unused and will be removed from module design_1_top_0_0.
---------------------------------------------------------------------------------
Finished Cross Boundary and Area Optimization : Time (s): cpu = 00:00:18 ; elapsed = 00:00:57 . Memory (MB): peak = 1650.512 ; gain = 292.176 ; free physical = 46873 ; free virtual = 112809
---------------------------------------------------------------------------------

Report RTL Partitions: 
+-+--------------+------------+----------+
| |RTL Partition |Replication |Instances |
+-+--------------+------------+----------+
+-+--------------+------------+----------+
No constraint files found.
---------------------------------------------------------------------------------
Start Timing Optimization
---------------------------------------------------------------------------------
---------------------------------------------------------------------------------
Finished Timing Optimization : Time (s): cpu = 00:00:18 ; elapsed = 00:00:57 . Memory (MB): peak = 1650.516 ; gain = 292.180 ; free physical = 46872 ; free virtual = 112808
---------------------------------------------------------------------------------

Report RTL Partitions: 
+-+--------------+------------+----------+
| |RTL Partition |Replication |Instances |
+-+--------------+------------+----------+
+-+--------------+------------+----------+
---------------------------------------------------------------------------------
Start Technology Mapping
---------------------------------------------------------------------------------
---------------------------------------------------------------------------------
Finished Technology Mapping : Time (s): cpu = 00:00:18 ; elapsed = 00:00:57 . Memory (MB): peak = 1650.516 ; gain = 292.180 ; free physical = 46871 ; free virtual = 112806
---------------------------------------------------------------------------------

Report RTL Partitions: 
+-+--------------+------------+----------+
| |RTL Partition |Replication |Instances |
+-+--------------+------------+----------+
+-+--------------+------------+----------+
---------------------------------------------------------------------------------
Start IO Insertion
---------------------------------------------------------------------------------
---------------------------------------------------------------------------------
Start Flattening Before IO Insertion
---------------------------------------------------------------------------------
---------------------------------------------------------------------------------
Finished Flattening Before IO Insertion
---------------------------------------------------------------------------------
---------------------------------------------------------------------------------
Start Final Netlist Cleanup
---------------------------------------------------------------------------------
---------------------------------------------------------------------------------
Finished Final Netlist Cleanup
---------------------------------------------------------------------------------
---------------------------------------------------------------------------------
Finished IO Insertion : Time (s): cpu = 00:00:19 ; elapsed = 00:00:58 . Memory (MB): peak = 1650.516 ; gain = 292.180 ; free physical = 46871 ; free virtual = 112807
---------------------------------------------------------------------------------

Report Check Netlist: 
+------+------------------+-------+---------+-------+------------------+
|      |Item              |Errors |Warnings |Status |Description       |
+------+------------------+-------+---------+-------+------------------+
|1     |multi_driven_nets |      0|        0|Passed |Multi driven nets |
+------+------------------+-------+---------+-------+------------------+
---------------------------------------------------------------------------------
Start Renaming Generated Instances
---------------------------------------------------------------------------------
---------------------------------------------------------------------------------
Finished Renaming Generated Instances : Time (s): cpu = 00:00:19 ; elapsed = 00:00:58 . Memory (MB): peak = 1650.516 ; gain = 292.180 ; free physical = 46871 ; free virtual = 112807
---------------------------------------------------------------------------------

Report RTL Partitions: 
+-+--------------+------------+----------+
| |RTL Partition |Replication |Instances |
+-+--------------+------------+----------+
+-+--------------+------------+----------+
---------------------------------------------------------------------------------
Start Rebuilding User Hierarchy
---------------------------------------------------------------------------------
---------------------------------------------------------------------------------
Finished Rebuilding User Hierarchy : Time (s): cpu = 00:00:19 ; elapsed = 00:00:58 . Memory (MB): peak = 1650.516 ; gain = 292.180 ; free physical = 46871 ; free virtual = 112807
---------------------------------------------------------------------------------
---------------------------------------------------------------------------------
Start Renaming Generated Ports
---------------------------------------------------------------------------------
---------------------------------------------------------------------------------
Finished Renaming Generated Ports : Time (s): cpu = 00:00:19 ; elapsed = 00:00:58 . Memory (MB): peak = 1650.516 ; gain = 292.180 ; free physical = 46871 ; free virtual = 112807
---------------------------------------------------------------------------------
---------------------------------------------------------------------------------
Start Handling Custom Attributes
---------------------------------------------------------------------------------
---------------------------------------------------------------------------------
Finished Handling Custom Attributes : Time (s): cpu = 00:00:19 ; elapsed = 00:00:58 . Memory (MB): peak = 1650.516 ; gain = 292.180 ; free physical = 46871 ; free virtual = 112807
---------------------------------------------------------------------------------
---------------------------------------------------------------------------------
Start Renaming Generated Nets
---------------------------------------------------------------------------------
---------------------------------------------------------------------------------
Finished Renaming Generated Nets : Time (s): cpu = 00:00:19 ; elapsed = 00:00:58 . Memory (MB): peak = 1650.516 ; gain = 292.180 ; free physical = 46871 ; free virtual = 112807
---------------------------------------------------------------------------------
---------------------------------------------------------------------------------
Start Writing Synthesis Report
---------------------------------------------------------------------------------

Report BlackBoxes: 
+-+--------------+----------+
| |BlackBox name |Instances |
+-+--------------+----------+
+-+--------------+----------+

Report Cell Usage: 
+------+-------+------+
|      |Cell   |Count |
+------+-------+------+
|1     |CARRY4 |    13|
|2     |LUT1   |     8|
|3     |LUT2   |    30|
|4     |LUT3   |    13|
|5     |LUT4   |    51|
|6     |LUT5   |    35|
|7     |LUT6   |    63|
|8     |MUXF7  |     8|
|9     |FDCE   |   178|
|10    |FDPE   |    15|
|11    |FDRE   |    14|
|12    |LD     |    14|
+------+-------+------+

Report Instance Areas: 
+------+--------------------------+---------------------+------+
|      |Instance                  |Module               |Cells |
+------+--------------------------+---------------------+------+
|1     |top                       |                     |   442|
|2     |  inst                    |top                  |   442|
|3     |    non_stop_ETC          |non_stop_ETC         |   203|
|4     |      cotroller_DUT       |cotroller            |     8|
|5     |      datapath_DUT        |datapath             |   195|
|6     |        div_DUT           |div                  |   122|
|7     |    push_data_DUT         |push_data            |    37|
|8     |    uart_fifo_transmitter |uart_fifo            |   131|
|9     |    uart_generator_clock  |uart_generator_clock |    33|
|10    |    uart_transmitter      |uart_transmitter     |    38|
+------+--------------------------+---------------------+------+
---------------------------------------------------------------------------------
Finished Writing Synthesis Report : Time (s): cpu = 00:00:19 ; elapsed = 00:00:58 . Memory (MB): peak = 1650.516 ; gain = 292.180 ; free physical = 46871 ; free virtual = 112807
---------------------------------------------------------------------------------
Synthesis finished with 0 errors, 0 critical warnings and 14 warnings.
Synthesis Optimization Runtime : Time (s): cpu = 00:00:19 ; elapsed = 00:00:58 . Memory (MB): peak = 1650.516 ; gain = 292.180 ; free physical = 46872 ; free virtual = 112808
Synthesis Optimization Complete : Time (s): cpu = 00:00:19 ; elapsed = 00:00:58 . Memory (MB): peak = 1650.520 ; gain = 292.180 ; free physical = 46875 ; free virtual = 112811
INFO: [Project 1-571] Translating synthesized netlist
