Copyright 1986-2018 Xilinx, Inc. All Rights Reserved.
---------------------------------------------------------------------------------------------
| Tool Version : Vivado v.2018.3 (lin64) Build 2405991 Thu Dec  6 23:36:41 MST 2018
| Date         : Tue Jun 28 23:04:29 2022
| Host         : quangnd12 running 64-bit Ubuntu 20.04.4 LTS
| Command      : report_control_sets -verbose -file design_1_wrapper_control_sets_placed.rpt
| Design       : design_1_wrapper
| Device       : xc7z020
---------------------------------------------------------------------------------------------

Control Set Information

Table of Contents
-----------------
1. Summary
2. Histogram
3. Flip-Flop Distribution
4. Detailed Control Set Information

1. Summary
----------

+----------------------------------------------------------+-------+
|                          Status                          | Count |
+----------------------------------------------------------+-------+
| Number of unique control sets                            |    55 |
| Unused register locations in slices containing registers |   133 |
+----------------------------------------------------------+-------+


2. Histogram
------------

+--------+--------------+
| Fanout | Control Sets |
+--------+--------------+
|      1 |            1 |
|      2 |            2 |
|      3 |            2 |
|      4 |            7 |
|      5 |            3 |
|      6 |            1 |
|      8 |           10 |
|      9 |            1 |
|     10 |            1 |
|     12 |            4 |
|     13 |            1 |
|     14 |            6 |
|    16+ |           16 |
+--------+--------------+


3. Flip-Flop Distribution
-------------------------

+--------------+-----------------------+------------------------+-----------------+--------------+
| Clock Enable | Synchronous Set/Reset | Asynchronous Set/Reset | Total Registers | Total Slices |
+--------------+-----------------------+------------------------+-----------------+--------------+
| No           | No                    | No                     |             132 |           38 |
| No           | No                    | Yes                    |              47 |           16 |
| No           | Yes                   | No                     |              46 |           18 |
| Yes          | No                    | No                     |             340 |           87 |
| Yes          | No                    | Yes                    |             176 |           50 |
| Yes          | Yes                   | No                     |              38 |           11 |
+--------------+-----------------------+------------------------+-----------------+--------------+


4. Detailed Control Set Information
-----------------------------------

+--------------------------------------------------------------------------------+----------------------------------------------------------------------------------------------------------------------------------------------------------------+-------------------------------------------------------------------------------------------------------------------------------------------------------+------------------+----------------+
|                                  Clock Signal                                  |                                                                          Enable Signal                                                                         |                                                                    Set/Reset Signal                                                                   | Slice Load Count | Bel Load Count |
+--------------------------------------------------------------------------------+----------------------------------------------------------------------------------------------------------------------------------------------------------------+-------------------------------------------------------------------------------------------------------------------------------------------------------+------------------+----------------+
|  design_1_i/processing_system7_0/inst/FCLK_CLK0                                | design_1_i/ps7_0_axi_periph/s00_couplers/auto_pc/inst/gen_axilite.gen_b2s_conv.axilite_b2s/WR.aw_channel_0/aw_cmd_fsm_0/state_reg[0]_1                         | design_1_i/ps7_0_axi_periph/s00_couplers/auto_pc/inst/gen_axilite.gen_b2s_conv.axilite_b2s/WR.aw_channel_0/aw_cmd_fsm_0/state_reg[0]_0                |                1 |              1 |
|  design_1_i/top_0/inst/uart_generator_clock/CLK                                |                                                                                                                                                                | design_1_i/top_0/inst/uart_fifo_transmitter/ACTIVE_LOW_PR_OUT_DFF[0].FDRE_PER_N                                                                       |                1 |              2 |
|  design_1_i/processing_system7_0/inst/FCLK_CLK0                                | design_1_i/ps7_0_axi_periph/s00_couplers/auto_pc/inst/gen_axilite.gen_b2s_conv.axilite_b2s/WR.b_channel_0/bid_fifo_0/sel                                       |                                                                                                                                                       |                1 |              2 |
|  design_1_i/top_0/inst/uart_fifo_transmitter/write_fifo_receiver_reg_i_2_n_0   |                                                                                                                                                                |                                                                                                                                                       |                1 |              3 |
|  design_1_i/top_0/inst/uart_fifo_transmitter/read_fifo_transmitter_reg_i_2_n_0 |                                                                                                                                                                |                                                                                                                                                       |                2 |              3 |
|  design_1_i/processing_system7_0/inst/FCLK_CLK0                                |                                                                                                                                                                | design_1_i/axi_gpio_0/U0/AXI_LITE_IPIF_I/I_SLAVE_ATTACHMENT/clear                                                                                     |                1 |              4 |
|  design_1_i/top_0/inst/uart_generator_clock/CLK                                | design_1_i/top_0/inst/uart_transmitter/bit_count[3]_i_1_n_0                                                                                                    | design_1_i/top_0/inst/uart_fifo_transmitter/ACTIVE_LOW_PR_OUT_DFF[0].FDRE_PER_N                                                                       |                2 |              4 |
|  design_1_i/processing_system7_0/inst/FCLK_CLK0                                | design_1_i/axi_gpio_0/U0/AXI_LITE_IPIF_I/I_SLAVE_ATTACHMENT/start2                                                                                             | design_1_i/axi_gpio_0/U0/AXI_LITE_IPIF_I/I_SLAVE_ATTACHMENT/I_DECODER/cs_ce_clr                                                                       |                1 |              4 |
|  design_1_i/processing_system7_0/inst/FCLK_CLK0                                |                                                                                                                                                                | design_1_i/ps7_0_axi_periph/s00_couplers/auto_pc/inst/gen_axilite.gen_b2s_conv.axilite_b2s/SI_REG/ar.ar_pipe/aresetn_d_reg[1]_inv_0                   |                2 |              4 |
|  design_1_i/processing_system7_0/inst/FCLK_CLK0                                |                                                                                                                                                                | design_1_i/ps7_0_axi_periph/s00_couplers/auto_pc/inst/gen_axilite.gen_b2s_conv.axilite_b2s/SI_REG/aw.aw_pipe/aresetn_d_reg[0]_0                       |                2 |              4 |
|  design_1_i/processing_system7_0/inst/FCLK_CLK0                                | design_1_i/axi_gpio_0/U0/AXI_LITE_IPIF_I/I_SLAVE_ATTACHMENT/bus2ip_addr_i[8]_i_1_n_0                                                                           | design_1_i/axi_gpio_0/U0/AXI_LITE_IPIF_I/I_SLAVE_ATTACHMENT/SS[0]                                                                                     |                1 |              4 |
|  design_1_i/processing_system7_0/inst/FCLK_CLK0                                |                                                                                                                                                                | design_1_i/rst_ps7_0_100M/U0/EXT_LPF/lpf_int                                                                                                          |                2 |              4 |
|  design_1_i/processing_system7_0/inst/FCLK_CLK0                                | design_1_i/ps7_0_axi_periph/s00_couplers/auto_pc/inst/gen_axilite.gen_b2s_conv.axilite_b2s/RD.ar_channel_0/ar_cmd_fsm_0/m_valid_i_reg                          | design_1_i/ps7_0_axi_periph/s00_couplers/auto_pc/inst/gen_axilite.gen_b2s_conv.axilite_b2s/RD.ar_channel_0/ar_cmd_fsm_0/FSM_sequential_state_reg[0]_0 |                2 |              5 |
|  design_1_i/processing_system7_0/inst/FCLK_CLK0                                | design_1_i/ps7_0_axi_periph/s00_couplers/auto_pc/inst/gen_axilite.gen_b2s_conv.axilite_b2s/RD.r_channel_0/rd_data_fifo_0/E[0]                                  | design_1_i/ps7_0_axi_periph/s00_couplers/auto_pc/inst/gen_axilite.gen_b2s_conv.axilite_b2s/areset_d1                                                  |                1 |              5 |
|  design_1_i/processing_system7_0/inst/FCLK_CLK0                                | design_1_i/ps7_0_axi_periph/s00_couplers/auto_pc/inst/gen_axilite.gen_b2s_conv.axilite_b2s/RD.r_channel_0/rd_data_fifo_0/cnt_read[4]_i_1_n_0                   | design_1_i/ps7_0_axi_periph/s00_couplers/auto_pc/inst/gen_axilite.gen_b2s_conv.axilite_b2s/areset_d1                                                  |                2 |              5 |
|  design_1_i/processing_system7_0/inst/FCLK_CLK0                                | design_1_i/rst_ps7_0_100M/U0/SEQ/seq_cnt_en                                                                                                                    | design_1_i/rst_ps7_0_100M/U0/SEQ/SEQ_COUNTER/clear                                                                                                    |                1 |              6 |
|  design_1_i/processing_system7_0/inst/FCLK_CLK1                                | design_1_i/top_0/inst/uart_fifo_transmitter/fifo[0][7]_i_1_n_0                                                                                                 | design_1_i/top_0/inst/uart_fifo_transmitter/ACTIVE_LOW_PR_OUT_DFF[0].FDRE_PER_N                                                                       |                1 |              8 |
|  design_1_i/processing_system7_0/inst/FCLK_CLK1                                | design_1_i/top_0/inst/uart_fifo_transmitter/fifo[1][7]_i_1_n_0                                                                                                 | design_1_i/top_0/inst/uart_fifo_transmitter/ACTIVE_LOW_PR_OUT_DFF[0].FDRE_PER_N                                                                       |                1 |              8 |
|  design_1_i/processing_system7_0/inst/FCLK_CLK1                                | design_1_i/top_0/inst/uart_fifo_transmitter/fifo[2][7]_i_1_n_0                                                                                                 | design_1_i/top_0/inst/uart_fifo_transmitter/ACTIVE_LOW_PR_OUT_DFF[0].FDRE_PER_N                                                                       |                1 |              8 |
|  design_1_i/processing_system7_0/inst/FCLK_CLK1                                | design_1_i/top_0/inst/uart_fifo_transmitter/fifo[3][7]_i_1_n_0                                                                                                 | design_1_i/top_0/inst/uart_fifo_transmitter/ACTIVE_LOW_PR_OUT_DFF[0].FDRE_PER_N                                                                       |                2 |              8 |
|  design_1_i/processing_system7_0/inst/FCLK_CLK1                                | design_1_i/top_0/inst/uart_fifo_transmitter/fifo[4][7]_i_1_n_0                                                                                                 | design_1_i/top_0/inst/uart_fifo_transmitter/ACTIVE_LOW_PR_OUT_DFF[0].FDRE_PER_N                                                                       |                2 |              8 |
|  design_1_i/processing_system7_0/inst/FCLK_CLK1                                | design_1_i/top_0/inst/uart_fifo_transmitter/fifo[5][7]_i_1_n_0                                                                                                 | design_1_i/top_0/inst/uart_fifo_transmitter/ACTIVE_LOW_PR_OUT_DFF[0].FDRE_PER_N                                                                       |                3 |              8 |
|  design_1_i/processing_system7_0/inst/FCLK_CLK1                                | design_1_i/top_0/inst/uart_fifo_transmitter/fifo[6][7]_i_1_n_0                                                                                                 | design_1_i/top_0/inst/uart_fifo_transmitter/ACTIVE_LOW_PR_OUT_DFF[0].FDRE_PER_N                                                                       |                3 |              8 |
|  design_1_i/processing_system7_0/inst/FCLK_CLK0                                | design_1_i/ps7_0_axi_periph/s00_couplers/auto_pc/inst/gen_axilite.gen_b2s_conv.axilite_b2s/WR.b_channel_0/mhandshake_r                                         | design_1_i/ps7_0_axi_periph/s00_couplers/auto_pc/inst/gen_axilite.gen_b2s_conv.axilite_b2s/WR.b_channel_0/bid_fifo_0/SR[0]                            |                2 |              8 |
|  design_1_i/top_0/inst/push_data_DUT/data_reg[7]_i_2_n_0                       |                                                                                                                                                                |                                                                                                                                                       |                2 |              8 |
|  design_1_i/processing_system7_0/inst/FCLK_CLK1                                | design_1_i/top_0/inst/uart_fifo_transmitter/fifo[7][7]_i_1_n_0                                                                                                 | design_1_i/top_0/inst/uart_fifo_transmitter/ACTIVE_LOW_PR_OUT_DFF[0].FDRE_PER_N                                                                       |                5 |              8 |
|  design_1_i/top_0/inst/uart_generator_clock/CLK                                | design_1_i/top_0/inst/uart_transmitter/TX_shift_reg[0]_i_1_n_0                                                                                                 | design_1_i/top_0/inst/uart_fifo_transmitter/ACTIVE_LOW_PR_OUT_DFF[0].FDRE_PER_N                                                                       |                3 |              9 |
|  design_1_i/processing_system7_0/inst/FCLK_CLK0                                |                                                                                                                                                                | design_1_i/ps7_0_axi_periph/s00_couplers/auto_pc/inst/gen_axilite.gen_b2s_conv.axilite_b2s/areset_d1                                                  |                6 |             10 |
|  design_1_i/processing_system7_0/inst/FCLK_CLK0                                | design_1_i/ps7_0_axi_periph/s00_couplers/auto_pc/inst/gen_axilite.gen_b2s_conv.axilite_b2s/WR.aw_channel_0/aw_cmd_fsm_0/E[0]                                   |                                                                                                                                                       |                8 |             12 |
|  design_1_i/processing_system7_0/inst/FCLK_CLK0                                | design_1_i/ps7_0_axi_periph/s00_couplers/auto_pc/inst/gen_axilite.gen_b2s_conv.axilite_b2s/WR.aw_channel_0/cmd_translator_0/incr_cmd_0/axaddr_incr[11]_i_1_n_0 |                                                                                                                                                       |                3 |             12 |
|  design_1_i/processing_system7_0/inst/FCLK_CLK0                                | design_1_i/ps7_0_axi_periph/s00_couplers/auto_pc/inst/gen_axilite.gen_b2s_conv.axilite_b2s/RD.ar_channel_0/ar_cmd_fsm_0/sel_first_reg_1[0]                     |                                                                                                                                                       |                3 |             12 |
|  design_1_i/processing_system7_0/inst/FCLK_CLK0                                | design_1_i/ps7_0_axi_periph/s00_couplers/auto_pc/inst/gen_axilite.gen_b2s_conv.axilite_b2s/RD.ar_channel_0/ar_cmd_fsm_0/E[0]                                   |                                                                                                                                                       |                3 |             12 |
|  design_1_i/processing_system7_0/inst/FCLK_CLK0                                | design_1_i/ps7_0_axi_periph/s00_couplers/auto_pc/inst/gen_axilite.gen_b2s_conv.axilite_b2s/RD.r_channel_0/r_push_r                                             |                                                                                                                                                       |                4 |             13 |
|  design_1_i/processing_system7_0/inst/FCLK_CLK0                                | design_1_i/ps7_0_axi_periph/s00_couplers/auto_pc/inst/gen_axilite.gen_b2s_conv.axilite_b2s/SI_REG/b.b_pipe/p_1_in                                              |                                                                                                                                                       |                2 |             14 |
|  design_1_i/processing_system7_0/inst/FCLK_CLK0                                | design_1_i/ps7_0_axi_periph/s00_couplers/auto_pc/inst/gen_axilite.gen_b2s_conv.axilite_b2s/SI_REG/b.b_pipe/s_ready_i_reg_0                                     |                                                                                                                                                       |                2 |             14 |
|  design_1_i/processing_system7_0/inst/FCLK_CLK1                                | design_1_i/top_0/inst/non_stop_ETC/datapath_DUT/div_DUT/Q[13]_i_1_n_0                                                                                          | design_1_i/top_0/inst/non_stop_ETC/datapath_DUT/div_DUT/ACTIVE_LOW_PR_OUT_DFF[0].FDRE_PER_N                                                           |                4 |             14 |
|  design_1_i/processing_system7_0/inst/FCLK_CLK1                                | design_1_i/top_0/inst/non_stop_ETC/datapath_DUT/div_DUT/Y                                                                                                      | design_1_i/top_0/inst/non_stop_ETC/datapath_DUT/div_DUT/ACTIVE_LOW_PR_OUT_DFF[0].FDRE_PER_N                                                           |                5 |             14 |
|  design_1_i/processing_system7_0/inst/FCLK_CLK1                                | design_1_i/top_0/inst/non_stop_ETC/datapath_DUT/div_DUT/E[0]                                                                                                   | design_1_i/top_0/inst/non_stop_ETC/datapath_DUT/div_DUT/ACTIVE_LOW_PR_OUT_DFF[0].FDRE_PER_N                                                           |                2 |             14 |
|  design_1_i/processing_system7_0/inst/FCLK_CLK1                                | design_1_i/top_0/inst/non_stop_ETC/datapath_DUT/time_ms[0]_i_1_n_0                                                                                             | design_1_i/top_0/inst/non_stop_ETC/datapath_DUT/div_DUT/ACTIVE_LOW_PR_OUT_DFF[0].FDRE_PER_N                                                           |                4 |             14 |
|  design_1_i/processing_system7_0/inst/FCLK_CLK0                                | design_1_i/ps7_0_axi_periph/s00_couplers/auto_pc/inst/gen_axilite.gen_b2s_conv.axilite_b2s/WR.aw_channel_0/aw_cmd_fsm_0/b_push                                 |                                                                                                                                                       |                3 |             16 |
|  design_1_i/processing_system7_0/inst/FCLK_CLK1                                | design_1_i/top_0/inst/non_stop_ETC/datapath_DUT/time_tik                                                                                                       | design_1_i/top_0/inst/non_stop_ETC/datapath_DUT/div_DUT/ACTIVE_LOW_PR_OUT_DFF[0].FDRE_PER_N                                                           |                6 |             16 |
|  design_1_i/processing_system7_0/inst/FCLK_CLK0                                |                                                                                                                                                                | design_1_i/axi_gpio_0/U0/AXI_LITE_IPIF_I/I_SLAVE_ATTACHMENT/SS[0]                                                                                     |                5 |             20 |
|  design_1_i/processing_system7_0/inst/FCLK_CLK1                                |                                                                                                                                                                | design_1_i/top_0/inst/uart_fifo_transmitter/ACTIVE_LOW_PR_OUT_DFF[0].FDRE_PER_N                                                                       |                6 |             21 |
|  design_1_i/processing_system7_0/inst/FCLK_CLK0                                | design_1_i/ps7_0_axi_periph/s00_couplers/auto_pc/inst/gen_axilite.gen_b2s_conv.axilite_b2s/RD.ar_channel_0/ar_cmd_fsm_0/m_valid_i_reg                          |                                                                                                                                                       |                7 |             21 |
|  design_1_i/processing_system7_0/inst/FCLK_CLK1                                |                                                                                                                                                                | design_1_i/top_0/inst/non_stop_ETC/datapath_DUT/div_DUT/ACTIVE_LOW_PR_OUT_DFF[0].FDRE_PER_N                                                           |                9 |             24 |
|  design_1_i/processing_system7_0/inst/FCLK_CLK0                                | design_1_i/ps7_0_axi_periph/s00_couplers/auto_pc/inst/gen_axilite.gen_b2s_conv.axilite_b2s/WR.aw_channel_0/aw_cmd_fsm_0/state_reg[0]_1                         |                                                                                                                                                       |               10 |             25 |
|  design_1_i/processing_system7_0/inst/FCLK_CLK1                                | design_1_i/top_0/inst/non_stop_ETC/datapath_DUT/div_DUT/count[4]_i_1_n_0                                                                                       | design_1_i/top_0/inst/non_stop_ETC/datapath_DUT/div_DUT/ACTIVE_LOW_PR_OUT_DFF[0].FDRE_PER_N                                                           |                6 |             27 |
|  design_1_i/processing_system7_0/inst/FCLK_CLK0                                | design_1_i/ps7_0_axi_periph/s00_couplers/auto_pc/inst/gen_axilite.gen_b2s_conv.axilite_b2s/SI_REG/aw.aw_pipe/s_ready_i_reg_0                                   |                                                                                                                                                       |                7 |             32 |
|  design_1_i/processing_system7_0/inst/FCLK_CLK0                                | design_1_i/ps7_0_axi_periph/s00_couplers/auto_pc/inst/gen_axilite.gen_b2s_conv.axilite_b2s/SI_REG/ar.ar_pipe/s_ready_i_reg_0                                   |                                                                                                                                                       |                8 |             32 |
|  design_1_i/processing_system7_0/inst/FCLK_CLK0                                | design_1_i/ps7_0_axi_periph/s00_couplers/auto_pc/inst/gen_axilite.gen_b2s_conv.axilite_b2s/RD.r_channel_0/rd_data_fifo_0/wr_en0                                |                                                                                                                                                       |                8 |             32 |
|  design_1_i/processing_system7_0/inst/FCLK_CLK0                                | design_1_i/ps7_0_axi_periph/s00_couplers/auto_pc/inst/gen_axilite.gen_b2s_conv.axilite_b2s/WR.aw_channel_0/aw_cmd_fsm_0/m_valid_i_reg[0]                       |                                                                                                                                                       |                7 |             32 |
|  design_1_i/processing_system7_0/inst/FCLK_CLK0                                | design_1_i/ps7_0_axi_periph/s00_couplers/auto_pc/inst/gen_axilite.gen_b2s_conv.axilite_b2s/RD.ar_channel_0/ar_cmd_fsm_0/FSM_sequential_state_reg[1]_0[0]       |                                                                                                                                                       |               10 |             32 |
|  design_1_i/processing_system7_0/inst/FCLK_CLK0                                | design_1_i/ps7_0_axi_periph/s00_couplers/auto_pc/inst/gen_axilite.gen_b2s_conv.axilite_b2s/SI_REG/r.r_pipe/s_ready_i_reg_0                                     |                                                                                                                                                       |                9 |             45 |
|  design_1_i/processing_system7_0/inst/FCLK_CLK0                                | design_1_i/ps7_0_axi_periph/s00_couplers/auto_pc/inst/gen_axilite.gen_b2s_conv.axilite_b2s/SI_REG/r.r_pipe/p_1_in                                              |                                                                                                                                                       |                8 |             45 |
|  design_1_i/processing_system7_0/inst/FCLK_CLK0                                |                                                                                                                                                                |                                                                                                                                                       |               34 |            119 |
+--------------------------------------------------------------------------------+----------------------------------------------------------------------------------------------------------------------------------------------------------------+-------------------------------------------------------------------------------------------------------------------------------------------------------+------------------+----------------+


